2025-09-29 20:38:26,986 - DiT_Trainer - INFO - Starting training on device: mps
2025-09-29 20:38:26,986 - DiT_Trainer - INFO - Configuration: Epochs=350, BatchSize=8, LR=0.0003
2025-09-29 20:38:27,086 - DiT_Trainer - INFO - Starting full CFG training run for 350 epochs.
2025-09-29 20:38:27,086 - DiT_Trainer - INFO - --- Epoch 1/350 ---
2025-09-29 20:39:59,747 - DiT_Trainer - INFO - Epoch 1 finished. Avg Loss: 1.0200 | Current LR: 2.999260e-04
2025-09-29 20:39:59,748 - DiT_Trainer - INFO - --- Epoch 2/350 ---
2025-09-29 20:41:31,612 - DiT_Trainer - INFO - Epoch 2 finished. Avg Loss: 1.0044 | Current LR: 2.997041e-04
2025-09-29 20:41:31,614 - DiT_Trainer - INFO - --- Epoch 3/350 ---
2025-09-29 20:43:02,068 - DiT_Trainer - INFO - Epoch 3 finished. Avg Loss: 1.0032 | Current LR: 2.993345e-04
2025-09-29 20:43:02,072 - DiT_Trainer - INFO - --- Epoch 4/350 ---
2025-09-29 20:44:30,042 - DiT_Trainer - INFO - Epoch 4 finished. Avg Loss: 1.0030 | Current LR: 2.988176e-04
2025-09-29 20:44:30,043 - DiT_Trainer - INFO - --- Epoch 5/350 ---
2025-09-29 20:45:54,115 - DiT_Trainer - INFO - Epoch 5 finished. Avg Loss: 1.0022 | Current LR: 2.981539e-04
2025-09-29 20:45:54,117 - DiT_Trainer - INFO - --- Epoch 6/350 ---
2025-09-29 20:47:19,514 - DiT_Trainer - INFO - Epoch 6 finished. Avg Loss: 1.0017 | Current LR: 2.973440e-04
2025-09-29 20:47:19,516 - DiT_Trainer - INFO - --- Epoch 7/350 ---
2025-09-29 20:48:47,427 - DiT_Trainer - INFO - Epoch 7 finished. Avg Loss: 1.0018 | Current LR: 2.963887e-04
2025-09-29 20:48:47,428 - DiT_Trainer - INFO - --- Epoch 8/350 ---
2025-09-29 20:50:18,173 - DiT_Trainer - INFO - Epoch 8 finished. Avg Loss: 1.0018 | Current LR: 2.952890e-04
2025-09-29 20:50:18,174 - DiT_Trainer - INFO - --- Epoch 9/350 ---
2025-09-29 20:51:50,387 - DiT_Trainer - INFO - Epoch 9 finished. Avg Loss: 1.0025 | Current LR: 2.940460e-04
2025-09-29 20:51:50,388 - DiT_Trainer - INFO - --- Epoch 10/350 ---
2025-09-29 20:53:18,010 - DiT_Trainer - INFO - Epoch 10 finished. Avg Loss: 1.0020 | Current LR: 2.926609e-04
2025-09-29 20:53:18,192 - DiT_Trainer - INFO - Checkpoint saved to ./checkpoints/dit_ckpt_epoch_10.pt
2025-09-29 20:53:18,192 - DiT_Trainer - INFO - --- Epoch 11/350 ---
2025-09-29 20:54:46,693 - DiT_Trainer - INFO - Epoch 11 finished. Avg Loss: 1.0015 | Current LR: 2.911351e-04
2025-09-29 20:54:46,694 - DiT_Trainer - INFO - --- Epoch 12/350 ---
2025-09-29 20:56:10,083 - DiT_Trainer - INFO - Epoch 12 finished. Avg Loss: 1.0014 | Current LR: 2.894700e-04
2025-09-29 20:56:10,084 - DiT_Trainer - INFO - --- Epoch 13/350 ---
2025-09-29 20:57:36,200 - DiT_Trainer - INFO - Epoch 13 finished. Avg Loss: 1.0012 | Current LR: 2.876673e-04
2025-09-29 20:57:36,201 - DiT_Trainer - INFO - --- Epoch 14/350 ---
2025-09-29 20:59:07,703 - DiT_Trainer - INFO - Epoch 14 finished. Avg Loss: 1.0008 | Current LR: 2.857288e-04
2025-09-29 20:59:07,704 - DiT_Trainer - INFO - --- Epoch 15/350 ---
2025-09-29 21:00:36,379 - DiT_Trainer - INFO - Epoch 15 finished. Avg Loss: 1.0010 | Current LR: 2.836564e-04
2025-09-29 21:00:36,380 - DiT_Trainer - INFO - --- Epoch 16/350 ---
2025-09-29 21:02:04,123 - DiT_Trainer - INFO - Epoch 16 finished. Avg Loss: 1.0008 | Current LR: 2.814522e-04
2025-09-29 21:02:04,125 - DiT_Trainer - INFO - --- Epoch 17/350 ---
2025-09-29 21:03:31,782 - DiT_Trainer - INFO - Epoch 17 finished. Avg Loss: 1.0014 | Current LR: 2.791183e-04
2025-09-29 21:03:31,784 - DiT_Trainer - INFO - --- Epoch 18/350 ---
2025-09-29 21:04:59,557 - DiT_Trainer - INFO - Epoch 18 finished. Avg Loss: 1.0010 | Current LR: 2.766570e-04
2025-09-29 21:04:59,559 - DiT_Trainer - INFO - --- Epoch 19/350 ---
2025-09-29 21:06:26,847 - DiT_Trainer - INFO - Epoch 19 finished. Avg Loss: 1.0011 | Current LR: 2.740707e-04
2025-09-29 21:06:26,849 - DiT_Trainer - INFO - --- Epoch 20/350 ---
2025-09-29 21:07:55,147 - DiT_Trainer - INFO - Epoch 20 finished. Avg Loss: 1.0010 | Current LR: 2.713621e-04
2025-09-29 21:07:55,323 - DiT_Trainer - INFO - Checkpoint saved to ./checkpoints/dit_ckpt_epoch_20.pt
2025-09-29 21:07:55,323 - DiT_Trainer - INFO - --- Epoch 21/350 ---
2025-09-29 21:09:24,089 - DiT_Trainer - INFO - Epoch 21 finished. Avg Loss: 1.0007 | Current LR: 2.685337e-04
2025-09-29 21:09:24,090 - DiT_Trainer - INFO - --- Epoch 22/350 ---
2025-09-29 21:10:52,625 - DiT_Trainer - INFO - Epoch 22 finished. Avg Loss: 1.0011 | Current LR: 2.655885e-04
2025-09-29 21:10:52,627 - DiT_Trainer - INFO - --- Epoch 23/350 ---
2025-09-29 21:12:22,220 - DiT_Trainer - INFO - Epoch 23 finished. Avg Loss: 1.0010 | Current LR: 2.625292e-04
2025-09-29 21:12:22,221 - DiT_Trainer - INFO - --- Epoch 24/350 ---
2025-09-29 21:13:51,663 - DiT_Trainer - INFO - Epoch 24 finished. Avg Loss: 1.0006 | Current LR: 2.593588e-04
2025-09-29 21:13:51,665 - DiT_Trainer - INFO - --- Epoch 25/350 ---
2025-09-29 21:15:24,197 - DiT_Trainer - INFO - Epoch 25 finished. Avg Loss: 1.0005 | Current LR: 2.560807e-04
2025-09-29 21:15:24,199 - DiT_Trainer - INFO - --- Epoch 26/350 ---
2025-09-29 21:16:52,356 - DiT_Trainer - INFO - Epoch 26 finished. Avg Loss: 1.0012 | Current LR: 2.526978e-04
2025-09-29 21:16:52,357 - DiT_Trainer - INFO - --- Epoch 27/350 ---
2025-09-29 21:18:19,754 - DiT_Trainer - INFO - Epoch 27 finished. Avg Loss: 1.0011 | Current LR: 2.492137e-04
2025-09-29 21:18:19,754 - DiT_Trainer - INFO - --- Epoch 28/350 ---
2025-09-29 21:19:50,073 - DiT_Trainer - INFO - Epoch 28 finished. Avg Loss: 1.0008 | Current LR: 2.456317e-04
2025-09-29 21:19:50,074 - DiT_Trainer - INFO - --- Epoch 29/350 ---
2025-09-29 21:21:20,947 - DiT_Trainer - INFO - Epoch 29 finished. Avg Loss: 1.0006 | Current LR: 2.419554e-04
2025-09-29 21:21:20,948 - DiT_Trainer - INFO - --- Epoch 30/350 ---
2025-09-29 21:22:46,853 - DiT_Trainer - INFO - Epoch 30 finished. Avg Loss: 1.0010 | Current LR: 2.381884e-04
2025-09-29 21:22:47,004 - DiT_Trainer - INFO - Checkpoint saved to ./checkpoints/dit_ckpt_epoch_30.pt
2025-09-29 21:22:47,004 - DiT_Trainer - INFO - --- Epoch 31/350 ---
2025-09-29 21:24:10,351 - DiT_Trainer - INFO - Epoch 31 finished. Avg Loss: 1.0007 | Current LR: 2.343344e-04
2025-09-29 21:24:10,353 - DiT_Trainer - INFO - --- Epoch 32/350 ---
2025-09-29 21:25:36,122 - DiT_Trainer - INFO - Epoch 32 finished. Avg Loss: 1.0006 | Current LR: 2.303972e-04
2025-09-29 21:25:36,123 - DiT_Trainer - INFO - --- Epoch 33/350 ---
2025-09-29 21:26:59,130 - DiT_Trainer - INFO - Epoch 33 finished. Avg Loss: 1.0011 | Current LR: 2.263808e-04
2025-09-29 21:26:59,132 - DiT_Trainer - INFO - --- Epoch 34/350 ---
2025-09-29 21:28:24,833 - DiT_Trainer - INFO - Epoch 34 finished. Avg Loss: 1.0003 | Current LR: 2.222890e-04
2025-09-29 21:28:24,834 - DiT_Trainer - INFO - --- Epoch 35/350 ---
2025-09-29 21:29:54,428 - DiT_Trainer - INFO - Epoch 35 finished. Avg Loss: 1.0002 | Current LR: 2.181259e-04
2025-09-29 21:29:54,429 - DiT_Trainer - INFO - --- Epoch 36/350 ---
2025-09-29 21:31:22,340 - DiT_Trainer - INFO - Epoch 36 finished. Avg Loss: 1.0007 | Current LR: 2.138956e-04
2025-09-29 21:31:22,341 - DiT_Trainer - INFO - --- Epoch 37/350 ---
2025-09-29 21:32:45,403 - DiT_Trainer - INFO - Epoch 37 finished. Avg Loss: 1.0004 | Current LR: 2.096023e-04
2025-09-29 21:32:45,405 - DiT_Trainer - INFO - --- Epoch 38/350 ---
2025-09-29 21:34:12,400 - DiT_Trainer - INFO - Epoch 38 finished. Avg Loss: 1.0007 | Current LR: 2.052503e-04
2025-09-29 21:34:12,402 - DiT_Trainer - INFO - --- Epoch 39/350 ---
2025-09-29 21:35:40,539 - DiT_Trainer - INFO - Epoch 39 finished. Avg Loss: 1.0004 | Current LR: 2.008438e-04
2025-09-29 21:35:40,540 - DiT_Trainer - INFO - --- Epoch 40/350 ---
2025-09-29 21:37:08,647 - DiT_Trainer - INFO - Epoch 40 finished. Avg Loss: 1.0008 | Current LR: 1.963871e-04
2025-09-29 21:37:08,821 - DiT_Trainer - INFO - Checkpoint saved to ./checkpoints/dit_ckpt_epoch_40.pt
2025-09-29 21:37:08,821 - DiT_Trainer - INFO - --- Epoch 41/350 ---
2025-09-29 21:38:36,343 - DiT_Trainer - INFO - Epoch 41 finished. Avg Loss: 1.0005 | Current LR: 1.918847e-04
2025-09-29 21:38:36,345 - DiT_Trainer - INFO - --- Epoch 42/350 ---
2025-09-29 21:40:06,349 - DiT_Trainer - INFO - Epoch 42 finished. Avg Loss: 1.0001 | Current LR: 1.873410e-04
2025-09-29 21:40:06,350 - DiT_Trainer - INFO - --- Epoch 43/350 ---
2025-09-29 21:41:34,797 - DiT_Trainer - INFO - Epoch 43 finished. Avg Loss: 1.0009 | Current LR: 1.827606e-04
2025-09-29 21:41:34,799 - DiT_Trainer - INFO - --- Epoch 44/350 ---
2025-09-29 21:43:03,533 - DiT_Trainer - INFO - Epoch 44 finished. Avg Loss: 1.0014 | Current LR: 1.781478e-04
2025-09-29 21:43:03,535 - DiT_Trainer - INFO - --- Epoch 45/350 ---
2025-09-29 21:44:31,008 - DiT_Trainer - INFO - Epoch 45 finished. Avg Loss: 1.0001 | Current LR: 1.735073e-04
2025-09-29 21:44:31,010 - DiT_Trainer - INFO - --- Epoch 46/350 ---
2025-09-29 21:46:00,131 - DiT_Trainer - INFO - Epoch 46 finished. Avg Loss: 0.9990 | Current LR: 1.688437e-04
2025-09-29 21:46:00,131 - DiT_Trainer - INFO - --- Epoch 47/350 ---
2025-09-29 21:47:27,727 - DiT_Trainer - INFO - Epoch 47 finished. Avg Loss: 1.0007 | Current LR: 1.641615e-04
2025-09-29 21:47:27,729 - DiT_Trainer - INFO - --- Epoch 48/350 ---
2025-09-29 21:49:19,103 - DiT_Trainer - INFO - Epoch 48 finished. Avg Loss: 1.0005 | Current LR: 1.594654e-04
2025-09-29 21:49:19,104 - DiT_Trainer - INFO - --- Epoch 49/350 ---
2025-09-29 21:50:48,750 - DiT_Trainer - INFO - Epoch 49 finished. Avg Loss: 1.0002 | Current LR: 1.547600e-04
2025-09-29 21:50:48,751 - DiT_Trainer - INFO - --- Epoch 50/350 ---
2025-09-29 21:52:15,896 - DiT_Trainer - INFO - Epoch 50 finished. Avg Loss: 1.0003 | Current LR: 1.500500e-04
2025-09-29 21:52:16,049 - DiT_Trainer - INFO - Checkpoint saved to ./checkpoints/dit_ckpt_epoch_50.pt
2025-09-29 21:52:16,049 - DiT_Trainer - INFO - --- Epoch 51/350 ---
2025-09-29 21:53:42,420 - DiT_Trainer - INFO - Epoch 51 finished. Avg Loss: 1.0003 | Current LR: 1.453400e-04
2025-09-29 21:53:42,422 - DiT_Trainer - INFO - --- Epoch 52/350 ---
2025-09-29 21:55:08,798 - DiT_Trainer - INFO - Epoch 52 finished. Avg Loss: 1.0005 | Current LR: 1.406346e-04
2025-09-29 21:55:08,800 - DiT_Trainer - INFO - --- Epoch 53/350 ---
2025-09-29 21:56:35,717 - DiT_Trainer - INFO - Epoch 53 finished. Avg Loss: 0.9995 | Current LR: 1.359385e-04
2025-09-29 21:56:35,718 - DiT_Trainer - INFO - --- Epoch 54/350 ---
2025-09-29 21:58:02,282 - DiT_Trainer - INFO - Epoch 54 finished. Avg Loss: 1.0004 | Current LR: 1.312563e-04
2025-09-29 21:58:02,284 - DiT_Trainer - INFO - --- Epoch 55/350 ---
2025-09-29 21:59:28,028 - DiT_Trainer - INFO - Epoch 55 finished. Avg Loss: 1.0003 | Current LR: 1.265927e-04
2025-09-29 21:59:28,030 - DiT_Trainer - INFO - --- Epoch 56/350 ---
2025-09-29 22:00:53,864 - DiT_Trainer - INFO - Epoch 56 finished. Avg Loss: 0.9996 | Current LR: 1.219522e-04
2025-09-29 22:00:53,864 - DiT_Trainer - INFO - --- Epoch 57/350 ---
2025-09-29 22:02:19,029 - DiT_Trainer - INFO - Epoch 57 finished. Avg Loss: 1.0003 | Current LR: 1.173394e-04
2025-09-29 22:02:19,030 - DiT_Trainer - INFO - --- Epoch 58/350 ---
2025-09-29 22:03:44,175 - DiT_Trainer - INFO - Epoch 58 finished. Avg Loss: 1.0006 | Current LR: 1.127590e-04
2025-09-29 22:03:44,177 - DiT_Trainer - INFO - --- Epoch 59/350 ---
2025-09-29 22:05:09,720 - DiT_Trainer - INFO - Epoch 59 finished. Avg Loss: 1.0002 | Current LR: 1.082153e-04
2025-09-29 22:05:09,722 - DiT_Trainer - INFO - --- Epoch 60/350 ---
2025-09-29 22:06:34,931 - DiT_Trainer - INFO - Epoch 60 finished. Avg Loss: 1.0002 | Current LR: 1.037129e-04
2025-09-29 22:06:35,084 - DiT_Trainer - INFO - Checkpoint saved to ./checkpoints/dit_ckpt_epoch_60.pt
2025-09-29 22:06:35,084 - DiT_Trainer - INFO - --- Epoch 61/350 ---
2025-09-29 22:08:01,094 - DiT_Trainer - INFO - Epoch 61 finished. Avg Loss: 0.9992 | Current LR: 9.925625e-05
2025-09-29 22:08:01,096 - DiT_Trainer - INFO - --- Epoch 62/350 ---
2025-09-29 22:09:25,816 - DiT_Trainer - INFO - Epoch 62 finished. Avg Loss: 0.9999 | Current LR: 9.484972e-05
2025-09-29 22:09:25,818 - DiT_Trainer - INFO - --- Epoch 63/350 ---
2025-09-29 22:10:51,796 - DiT_Trainer - INFO - Epoch 63 finished. Avg Loss: 1.0000 | Current LR: 9.049767e-05
2025-09-29 22:10:51,797 - DiT_Trainer - INFO - --- Epoch 64/350 ---
2025-09-29 22:12:17,156 - DiT_Trainer - INFO - Epoch 64 finished. Avg Loss: 0.9998 | Current LR: 8.620440e-05
2025-09-29 22:12:17,157 - DiT_Trainer - INFO - --- Epoch 65/350 ---
2025-09-29 22:13:43,354 - DiT_Trainer - INFO - Epoch 65 finished. Avg Loss: 0.9999 | Current LR: 8.197412e-05
2025-09-29 22:13:43,355 - DiT_Trainer - INFO - --- Epoch 66/350 ---
2025-09-29 22:15:08,841 - DiT_Trainer - INFO - Epoch 66 finished. Avg Loss: 1.0000 | Current LR: 7.781104e-05
2025-09-29 22:15:08,843 - DiT_Trainer - INFO - --- Epoch 67/350 ---
2025-09-29 22:16:33,767 - DiT_Trainer - INFO - Epoch 67 finished. Avg Loss: 0.9996 | Current LR: 7.371924e-05
2025-09-29 22:16:33,768 - DiT_Trainer - INFO - --- Epoch 68/350 ---
2025-09-29 22:17:59,632 - DiT_Trainer - INFO - Epoch 68 finished. Avg Loss: 0.9992 | Current LR: 6.970277e-05
2025-09-29 22:17:59,634 - DiT_Trainer - INFO - --- Epoch 69/350 ---
2025-09-29 22:19:25,306 - DiT_Trainer - INFO - Epoch 69 finished. Avg Loss: 1.0001 | Current LR: 6.576560e-05
2025-09-29 22:19:25,307 - DiT_Trainer - INFO - --- Epoch 70/350 ---
2025-09-29 22:20:51,718 - DiT_Trainer - INFO - Epoch 70 finished. Avg Loss: 1.0009 | Current LR: 6.191160e-05
2025-09-29 22:20:51,874 - DiT_Trainer - INFO - Checkpoint saved to ./checkpoints/dit_ckpt_epoch_70.pt
2025-09-29 22:20:51,874 - DiT_Trainer - INFO - --- Epoch 71/350 ---
2025-09-29 22:22:17,594 - DiT_Trainer - INFO - Epoch 71 finished. Avg Loss: 1.0009 | Current LR: 5.814459e-05
2025-09-29 22:22:17,596 - DiT_Trainer - INFO - --- Epoch 72/350 ---
2025-09-29 22:23:43,691 - DiT_Trainer - INFO - Epoch 72 finished. Avg Loss: 0.9999 | Current LR: 5.446827e-05
2025-09-29 22:23:43,693 - DiT_Trainer - INFO - --- Epoch 73/350 ---
2025-09-29 22:25:08,386 - DiT_Trainer - INFO - Epoch 73 finished. Avg Loss: 0.9996 | Current LR: 5.088629e-05
2025-09-29 22:25:08,388 - DiT_Trainer - INFO - --- Epoch 74/350 ---
2025-09-29 22:26:33,194 - DiT_Trainer - INFO - Epoch 74 finished. Avg Loss: 0.9995 | Current LR: 4.740216e-05
2025-09-29 22:26:33,196 - DiT_Trainer - INFO - --- Epoch 75/350 ---
2025-09-29 22:27:59,660 - DiT_Trainer - INFO - Epoch 75 finished. Avg Loss: 0.9990 | Current LR: 4.401934e-05
2025-09-29 22:27:59,662 - DiT_Trainer - INFO - --- Epoch 76/350 ---
2025-09-29 22:29:24,620 - DiT_Trainer - INFO - Epoch 76 finished. Avg Loss: 1.0000 | Current LR: 4.074115e-05
2025-09-29 22:29:24,622 - DiT_Trainer - INFO - --- Epoch 77/350 ---
2025-09-29 22:30:50,278 - DiT_Trainer - INFO - Epoch 77 finished. Avg Loss: 0.9996 | Current LR: 3.757085e-05
2025-09-29 22:30:50,280 - DiT_Trainer - INFO - --- Epoch 78/350 ---
2025-09-29 22:32:15,322 - DiT_Trainer - INFO - Epoch 78 finished. Avg Loss: 0.9995 | Current LR: 3.451154e-05
2025-09-29 22:32:15,323 - DiT_Trainer - INFO - --- Epoch 79/350 ---
2025-09-29 22:33:41,498 - DiT_Trainer - INFO - Epoch 79 finished. Avg Loss: 0.9997 | Current LR: 3.156626e-05
2025-09-29 22:33:41,499 - DiT_Trainer - INFO - --- Epoch 80/350 ---
2025-09-29 22:35:14,871 - DiT_Trainer - INFO - Epoch 80 finished. Avg Loss: 0.9997 | Current LR: 2.873790e-05
2025-09-29 22:35:15,026 - DiT_Trainer - INFO - Checkpoint saved to ./checkpoints/dit_ckpt_epoch_80.pt
2025-09-29 22:35:15,026 - DiT_Trainer - INFO - --- Epoch 81/350 ---
2025-09-29 22:36:42,103 - DiT_Trainer - INFO - Epoch 81 finished. Avg Loss: 0.9995 | Current LR: 2.602927e-05
2025-09-29 22:36:42,105 - DiT_Trainer - INFO - --- Epoch 82/350 ---
2025-09-29 22:38:19,011 - DiT_Trainer - INFO - Epoch 82 finished. Avg Loss: 1.0009 | Current LR: 2.344303e-05
2025-09-29 22:38:19,013 - DiT_Trainer - INFO - --- Epoch 83/350 ---
2025-09-29 22:39:46,816 - DiT_Trainer - INFO - Epoch 83 finished. Avg Loss: 0.9994 | Current LR: 2.098173e-05
2025-09-29 22:39:46,817 - DiT_Trainer - INFO - --- Epoch 84/350 ---
2025-09-29 22:41:40,586 - DiT_Trainer - INFO - Epoch 84 finished. Avg Loss: 0.9992 | Current LR: 1.864781e-05
2025-09-29 22:41:40,587 - DiT_Trainer - INFO - --- Epoch 85/350 ---
2025-09-29 22:43:28,691 - DiT_Trainer - INFO - Epoch 85 finished. Avg Loss: 0.9999 | Current LR: 1.644357e-05
2025-09-29 22:43:28,692 - DiT_Trainer - INFO - --- Epoch 86/350 ---
2025-09-29 22:44:58,415 - DiT_Trainer - INFO - Epoch 86 finished. Avg Loss: 0.9997 | Current LR: 1.437118e-05
2025-09-29 22:44:58,416 - DiT_Trainer - INFO - --- Epoch 87/350 ---
2025-09-29 22:46:28,644 - DiT_Trainer - INFO - Epoch 87 finished. Avg Loss: 0.9991 | Current LR: 1.243269e-05
2025-09-29 22:46:28,645 - DiT_Trainer - INFO - --- Epoch 88/350 ---
2025-09-29 22:47:54,851 - DiT_Trainer - INFO - Epoch 88 finished. Avg Loss: 1.0001 | Current LR: 1.063002e-05
2025-09-29 22:47:54,852 - DiT_Trainer - INFO - --- Epoch 89/350 ---
2025-09-29 22:49:20,967 - DiT_Trainer - INFO - Epoch 89 finished. Avg Loss: 0.9997 | Current LR: 8.964929e-06
2025-09-29 22:49:20,967 - DiT_Trainer - INFO - --- Epoch 90/350 ---
2025-09-29 22:50:48,275 - DiT_Trainer - INFO - Epoch 90 finished. Avg Loss: 1.0002 | Current LR: 7.439075e-06
2025-09-29 22:50:48,425 - DiT_Trainer - INFO - Checkpoint saved to ./checkpoints/dit_ckpt_epoch_90.pt
2025-09-29 22:50:48,425 - DiT_Trainer - INFO - --- Epoch 91/350 ---
2025-09-29 22:52:14,029 - DiT_Trainer - INFO - Epoch 91 finished. Avg Loss: 0.9993 | Current LR: 6.053962e-06
2025-09-29 22:52:14,031 - DiT_Trainer - INFO - --- Epoch 92/350 ---
2025-09-29 22:53:38,766 - DiT_Trainer - INFO - Epoch 92 finished. Avg Loss: 0.9993 | Current LR: 4.810955e-06
2025-09-29 22:53:38,767 - DiT_Trainer - INFO - --- Epoch 93/350 ---
2025-09-29 22:55:04,304 - DiT_Trainer - INFO - Epoch 93 finished. Avg Loss: 0.9990 | Current LR: 3.711282e-06
2025-09-29 22:55:04,305 - DiT_Trainer - INFO - --- Epoch 94/350 ---
2025-09-29 22:56:28,919 - DiT_Trainer - INFO - Epoch 94 finished. Avg Loss: 1.0001 | Current LR: 2.756027e-06
2025-09-29 22:56:28,919 - DiT_Trainer - INFO - --- Epoch 95/350 ---
2025-09-29 22:57:57,472 - DiT_Trainer - INFO - Epoch 95 finished. Avg Loss: 0.9997 | Current LR: 1.946133e-06
2025-09-29 22:57:57,473 - DiT_Trainer - INFO - --- Epoch 96/350 ---
2025-09-29 22:59:26,239 - DiT_Trainer - INFO - Epoch 96 finished. Avg Loss: 0.9994 | Current LR: 1.282401e-06
2025-09-29 22:59:26,240 - DiT_Trainer - INFO - --- Epoch 97/350 ---
2025-09-29 23:00:54,647 - DiT_Trainer - INFO - Epoch 97 finished. Avg Loss: 0.9994 | Current LR: 7.654834e-07
2025-09-29 23:00:54,648 - DiT_Trainer - INFO - --- Epoch 98/350 ---
2025-09-29 23:02:23,286 - DiT_Trainer - INFO - Epoch 98 finished. Avg Loss: 0.9998 | Current LR: 3.958921e-07
2025-09-29 23:02:23,286 - DiT_Trainer - INFO - --- Epoch 99/350 ---
2025-09-29 23:03:48,244 - DiT_Trainer - INFO - Epoch 99 finished. Avg Loss: 0.9990 | Current LR: 1.739913e-07
2025-09-29 23:03:48,245 - DiT_Trainer - INFO - --- Epoch 100/350 ---
2025-09-29 23:05:14,939 - DiT_Trainer - INFO - Epoch 100 finished. Avg Loss: 0.9998 | Current LR: 1.000000e-07
2025-09-29 23:05:15,092 - DiT_Trainer - INFO - Checkpoint saved to ./checkpoints/dit_ckpt_epoch_100.pt
2025-09-29 23:05:15,092 - DiT_Trainer - INFO - --- Epoch 101/350 ---
2025-09-29 23:06:42,276 - DiT_Trainer - INFO - Epoch 101 finished. Avg Loss: 0.9997 | Current LR: 1.739913e-07
2025-09-29 23:06:42,277 - DiT_Trainer - INFO - --- Epoch 102/350 ---
2025-09-29 23:08:09,484 - DiT_Trainer - INFO - Epoch 102 finished. Avg Loss: 0.9998 | Current LR: 3.958921e-07
2025-09-29 23:08:09,485 - DiT_Trainer - INFO - --- Epoch 103/350 ---
2025-09-29 23:09:37,994 - DiT_Trainer - INFO - Epoch 103 finished. Avg Loss: 0.9995 | Current LR: 7.654834e-07
2025-09-29 23:09:37,995 - DiT_Trainer - INFO - --- Epoch 104/350 ---
2025-09-29 23:11:03,885 - DiT_Trainer - INFO - Epoch 104 finished. Avg Loss: 1.0003 | Current LR: 1.282401e-06
2025-09-29 23:11:03,886 - DiT_Trainer - INFO - --- Epoch 105/350 ---
2025-09-29 23:12:29,125 - DiT_Trainer - INFO - Epoch 105 finished. Avg Loss: 0.9995 | Current LR: 1.946133e-06
2025-09-29 23:12:29,127 - DiT_Trainer - INFO - --- Epoch 106/350 ---
2025-09-29 23:13:56,007 - DiT_Trainer - INFO - Epoch 106 finished. Avg Loss: 0.9996 | Current LR: 2.756027e-06
2025-09-29 23:13:56,008 - DiT_Trainer - INFO - --- Epoch 107/350 ---
2025-09-29 23:15:24,514 - DiT_Trainer - INFO - Epoch 107 finished. Avg Loss: 1.0004 | Current LR: 3.711282e-06
2025-09-29 23:15:24,515 - DiT_Trainer - INFO - --- Epoch 108/350 ---
2025-09-29 23:16:52,639 - DiT_Trainer - INFO - Epoch 108 finished. Avg Loss: 1.0003 | Current LR: 4.810955e-06
2025-09-29 23:16:52,640 - DiT_Trainer - INFO - --- Epoch 109/350 ---
2025-09-29 23:18:20,129 - DiT_Trainer - INFO - Epoch 109 finished. Avg Loss: 1.0000 | Current LR: 6.053962e-06
2025-09-29 23:18:20,130 - DiT_Trainer - INFO - --- Epoch 110/350 ---
2025-09-29 23:19:48,488 - DiT_Trainer - INFO - Epoch 110 finished. Avg Loss: 0.9996 | Current LR: 7.439075e-06
2025-09-29 23:19:48,644 - DiT_Trainer - INFO - Checkpoint saved to ./checkpoints/dit_ckpt_epoch_110.pt
2025-09-29 23:19:48,644 - DiT_Trainer - INFO - --- Epoch 111/350 ---
2025-09-29 23:21:17,071 - DiT_Trainer - INFO - Epoch 111 finished. Avg Loss: 0.9999 | Current LR: 8.964929e-06
2025-09-29 23:21:17,072 - DiT_Trainer - INFO - --- Epoch 112/350 ---
2025-09-29 23:22:44,810 - DiT_Trainer - INFO - Epoch 112 finished. Avg Loss: 1.0001 | Current LR: 1.063002e-05
2025-09-29 23:22:44,810 - DiT_Trainer - INFO - --- Epoch 113/350 ---
2025-09-29 23:24:12,666 - DiT_Trainer - INFO - Epoch 113 finished. Avg Loss: 0.9999 | Current LR: 1.243269e-05
2025-09-29 23:24:12,668 - DiT_Trainer - INFO - --- Epoch 114/350 ---
2025-09-29 23:25:40,388 - DiT_Trainer - INFO - Epoch 114 finished. Avg Loss: 1.0003 | Current LR: 1.437118e-05
2025-09-29 23:25:40,390 - DiT_Trainer - INFO - --- Epoch 115/350 ---
2025-09-29 23:27:08,941 - DiT_Trainer - INFO - Epoch 115 finished. Avg Loss: 0.9997 | Current LR: 1.644357e-05
2025-09-29 23:27:08,942 - DiT_Trainer - INFO - --- Epoch 116/350 ---
2025-09-29 23:28:38,162 - DiT_Trainer - INFO - Epoch 116 finished. Avg Loss: 0.9993 | Current LR: 1.864781e-05
2025-09-29 23:28:38,164 - DiT_Trainer - INFO - --- Epoch 117/350 ---
2025-09-29 23:30:06,546 - DiT_Trainer - INFO - Epoch 117 finished. Avg Loss: 0.9994 | Current LR: 2.098173e-05
2025-09-29 23:30:06,548 - DiT_Trainer - INFO - --- Epoch 118/350 ---
2025-09-29 23:31:34,022 - DiT_Trainer - INFO - Epoch 118 finished. Avg Loss: 1.0008 | Current LR: 2.344303e-05
2025-09-29 23:31:34,024 - DiT_Trainer - INFO - --- Epoch 119/350 ---
2025-09-29 23:33:03,158 - DiT_Trainer - INFO - Epoch 119 finished. Avg Loss: 1.0001 | Current LR: 2.602927e-05
2025-09-29 23:33:03,159 - DiT_Trainer - INFO - --- Epoch 120/350 ---
2025-09-29 23:34:30,984 - DiT_Trainer - INFO - Epoch 120 finished. Avg Loss: 1.0001 | Current LR: 2.873790e-05
2025-09-29 23:34:31,134 - DiT_Trainer - INFO - Checkpoint saved to ./checkpoints/dit_ckpt_epoch_120.pt
2025-09-29 23:34:31,134 - DiT_Trainer - INFO - --- Epoch 121/350 ---
2025-09-29 23:36:00,242 - DiT_Trainer - INFO - Epoch 121 finished. Avg Loss: 1.0001 | Current LR: 3.156626e-05
2025-09-29 23:36:00,243 - DiT_Trainer - INFO - --- Epoch 122/350 ---
2025-09-29 23:37:28,189 - DiT_Trainer - INFO - Epoch 122 finished. Avg Loss: 1.0000 | Current LR: 3.451154e-05
2025-09-29 23:37:28,190 - DiT_Trainer - INFO - --- Epoch 123/350 ---
2025-09-29 23:38:57,032 - DiT_Trainer - INFO - Epoch 123 finished. Avg Loss: 0.9995 | Current LR: 3.757085e-05
2025-09-29 23:38:57,033 - DiT_Trainer - INFO - --- Epoch 124/350 ---
2025-09-29 23:40:26,039 - DiT_Trainer - INFO - Epoch 124 finished. Avg Loss: 1.0002 | Current LR: 4.074115e-05
2025-09-29 23:40:26,041 - DiT_Trainer - INFO - --- Epoch 125/350 ---
2025-09-29 23:42:15,378 - DiT_Trainer - INFO - Epoch 125 finished. Avg Loss: 1.0000 | Current LR: 4.401934e-05
2025-09-29 23:42:15,379 - DiT_Trainer - INFO - --- Epoch 126/350 ---
2025-09-29 23:44:04,581 - DiT_Trainer - INFO - Epoch 126 finished. Avg Loss: 0.9996 | Current LR: 4.740216e-05
2025-09-29 23:44:04,582 - DiT_Trainer - INFO - --- Epoch 127/350 ---
2025-09-29 23:46:48,509 - DiT_Trainer - INFO - Epoch 127 finished. Avg Loss: 0.9996 | Current LR: 5.088629e-05
2025-09-29 23:46:48,510 - DiT_Trainer - INFO - --- Epoch 128/350 ---
2025-09-29 23:49:40,772 - DiT_Trainer - INFO - Epoch 128 finished. Avg Loss: 1.0003 | Current LR: 5.446827e-05
2025-09-29 23:49:40,773 - DiT_Trainer - INFO - --- Epoch 129/350 ---
2025-09-29 23:53:08,792 - DiT_Trainer - INFO - Epoch 129 finished. Avg Loss: 1.0000 | Current LR: 5.814459e-05
2025-09-29 23:53:08,794 - DiT_Trainer - INFO - --- Epoch 130/350 ---
2025-09-29 23:56:31,352 - DiT_Trainer - INFO - Epoch 130 finished. Avg Loss: 0.9998 | Current LR: 6.191160e-05
2025-09-29 23:56:31,517 - DiT_Trainer - INFO - Checkpoint saved to ./checkpoints/dit_ckpt_epoch_130.pt
2025-09-29 23:56:31,518 - DiT_Trainer - INFO - --- Epoch 131/350 ---
2025-09-29 23:59:54,836 - DiT_Trainer - INFO - Epoch 131 finished. Avg Loss: 0.9998 | Current LR: 6.576560e-05
2025-09-29 23:59:54,837 - DiT_Trainer - INFO - --- Epoch 132/350 ---
2025-09-30 00:03:23,095 - DiT_Trainer - INFO - Epoch 132 finished. Avg Loss: 0.9990 | Current LR: 6.970277e-05
2025-09-30 00:03:23,096 - DiT_Trainer - INFO - --- Epoch 133/350 ---
2025-09-30 00:06:31,733 - DiT_Trainer - INFO - Epoch 133 finished. Avg Loss: 0.9999 | Current LR: 7.371924e-05
2025-09-30 00:06:31,734 - DiT_Trainer - INFO - --- Epoch 134/350 ---
2025-09-30 00:09:43,241 - DiT_Trainer - INFO - Epoch 134 finished. Avg Loss: 0.9998 | Current LR: 7.781104e-05
2025-09-30 00:09:43,242 - DiT_Trainer - INFO - --- Epoch 135/350 ---
2025-09-30 00:13:01,676 - DiT_Trainer - INFO - Epoch 135 finished. Avg Loss: 0.9998 | Current LR: 8.197412e-05
2025-09-30 00:13:01,678 - DiT_Trainer - INFO - --- Epoch 136/350 ---
2025-09-30 00:16:38,434 - DiT_Trainer - INFO - Epoch 136 finished. Avg Loss: 1.0005 | Current LR: 8.620440e-05
2025-09-30 00:16:38,437 - DiT_Trainer - INFO - --- Epoch 137/350 ---
2025-09-30 00:20:10,039 - DiT_Trainer - INFO - Epoch 137 finished. Avg Loss: 1.0001 | Current LR: 9.049767e-05
2025-09-30 00:20:10,043 - DiT_Trainer - INFO - --- Epoch 138/350 ---
2025-09-30 00:22:56,690 - DiT_Trainer - INFO - Epoch 138 finished. Avg Loss: 1.0002 | Current LR: 9.484972e-05
2025-09-30 00:22:56,693 - DiT_Trainer - INFO - --- Epoch 139/350 ---
2025-09-30 00:25:43,172 - DiT_Trainer - INFO - Epoch 139 finished. Avg Loss: 1.0001 | Current LR: 9.925625e-05
2025-09-30 00:25:43,175 - DiT_Trainer - INFO - --- Epoch 140/350 ---
