2025-09-29 16:11:20,534 - DiT_Trainer - INFO - Starting training on device: mps
2025-09-29 16:11:20,534 - DiT_Trainer - INFO - Configuration: Epochs=80, BatchSize=8, LR=1e-05
2025-09-29 16:11:20,722 - DiT_Trainer - INFO - Successfully resumed training from checkpoint: ./checkpoints/dit_ckpt_epoch_40_fixed.pt
2025-09-29 16:11:20,722 - DiT_Trainer - INFO - Continuing from Epoch 41...
2025-09-29 16:11:20,722 - DiT_Trainer - INFO - Starting full CFG training run for 80 epochs.
2025-09-29 16:11:20,722 - DiT_Trainer - INFO - --- Epoch 41/80 ---
2025-09-29 16:12:44,813 - DiT_Trainer - INFO - Epoch 41 finished. Avg Loss: 0.9952 | Current LR: 9.986128e-06
2025-09-29 16:12:44,814 - DiT_Trainer - INFO - --- Epoch 42/80 ---
2025-09-29 16:14:07,515 - DiT_Trainer - INFO - Epoch 42 finished. Avg Loss: 0.9945 | Current LR: 9.944598e-06
2025-09-29 16:14:07,516 - DiT_Trainer - INFO - --- Epoch 43/80 ---
2025-09-29 16:15:32,961 - DiT_Trainer - INFO - Epoch 43 finished. Avg Loss: 0.9947 | Current LR: 9.875665e-06
2025-09-29 16:15:32,962 - DiT_Trainer - INFO - --- Epoch 44/80 ---
2025-09-29 16:16:59,855 - DiT_Trainer - INFO - Epoch 44 finished. Avg Loss: 0.9953 | Current LR: 9.779754e-06
2025-09-29 16:16:59,857 - DiT_Trainer - INFO - --- Epoch 45/80 ---
2025-09-29 16:18:27,872 - DiT_Trainer - INFO - Epoch 45 finished. Avg Loss: 0.9946 | Current LR: 9.657458e-06
2025-09-29 16:18:27,873 - DiT_Trainer - INFO - --- Epoch 46/80 ---
2025-09-29 16:19:51,812 - DiT_Trainer - INFO - Epoch 46 finished. Avg Loss: 0.9944 | Current LR: 9.509529e-06
2025-09-29 16:19:51,813 - DiT_Trainer - INFO - --- Epoch 47/80 ---
2025-09-29 16:21:13,722 - DiT_Trainer - INFO - Epoch 47 finished. Avg Loss: 0.9945 | Current LR: 9.336881e-06
2025-09-29 16:21:13,722 - DiT_Trainer - INFO - --- Epoch 48/80 ---
